<?xml version="1.0" encoding="UTF-8"?>
<!-- Generated by org.testng.reporters.JUnitReportReporter -->
<testsuite hostname="Lenovo-PC" name="TestCases.AddProductToShoppingCart" tests="1" failures="0" timestamp="18 Jun 2015 14:12:15 GMT" time="76.650" errors="0">
  <testcase name="homePage" time="76.650" classname="TestCases.AddProductToShoppingCart"/>
</testsuite> <!-- TestCases.AddProductToShoppingCart -->
