<?xml version="1.0" encoding="UTF-8"?>
<!-- Generated by org.testng.reporters.JUnitReportReporter -->
<testsuite hostname="Lenovo-PC" name="TestCases.QuickLookOverlay" tests="1" failures="0" timestamp="18 Jun 2015 14:12:55 GMT" time="24.889" errors="0">
  <testcase name="homePage" time="24.889" classname="TestCases.QuickLookOverlay"/>
</testsuite> <!-- TestCases.QuickLookOverlay -->
